<?xml version="1.0" encoding="UTF-8"?>
<!-- Generated by org.testng.reporters.JUnitReportReporter -->
<testsuite skipped="0" hostname="f9600c974ef4" name="com.searchmodule.tests.SearchTest" tests="4" failures="0" timestamp="2021-10-14T06:57:05 GMT" time="14.769" errors="0">
  <testcase name="search" time="2.649" classname="com.searchmodule.tests.SearchTest"/>
  <system-out/>
  <testcase name="search" time="2.956" classname="com.searchmodule.tests.SearchTest"/>
  <system-out/>
  <testcase name="search" time="6.147" classname="com.searchmodule.tests.SearchTest"/>
  <system-out/>
  <testcase name="search" time="3.017" classname="com.searchmodule.tests.SearchTest"/>
  <system-out/>
</testsuite> <!-- com.searchmodule.tests.SearchTest -->
