<?xml version="1.0" encoding="UTF-8"?>
<!-- Generated by org.testng.reporters.JUnitReportReporter -->
<testsuite skipped="0" hostname="fa16029e9e20" name="com.searchmodule.tests.SearchTest" tests="4" failures="0" timestamp="2021-10-14T06:38:52 GMT" time="14.194" errors="0">
  <testcase name="search" time="3.305" classname="com.searchmodule.tests.SearchTest"/>
  <system-out/>
  <testcase name="search" time="3.488" classname="com.searchmodule.tests.SearchTest"/>
  <system-out/>
  <testcase name="search" time="3.914" classname="com.searchmodule.tests.SearchTest"/>
  <system-out/>
  <testcase name="search" time="3.487" classname="com.searchmodule.tests.SearchTest"/>
  <system-out/>
</testsuite> <!-- com.searchmodule.tests.SearchTest -->
