<?xml version="1.0" encoding="UTF-8"?>
<!-- Generated by org.testng.reporters.JUnitReportReporter -->
<testsuite skipped="0" hostname="d71983f19e96" name="com.searchmodule.tests.SearchTest" tests="4" failures="0" timestamp="2021-10-12T11:41:07 GMT" time="81.283" errors="0">
  <testcase name="search" time="6.955" classname="com.searchmodule.tests.SearchTest"/>
  <system-out/>
  <testcase name="search" time="28.131" classname="com.searchmodule.tests.SearchTest"/>
  <system-out/>
  <testcase name="search" time="30.559" classname="com.searchmodule.tests.SearchTest"/>
  <system-out/>
  <testcase name="search" time="15.638" classname="com.searchmodule.tests.SearchTest"/>
  <system-out/>
</testsuite> <!-- com.searchmodule.tests.SearchTest -->
