<?xml version="1.0" encoding="UTF-8"?>
<!-- Generated by org.testng.reporters.JUnitReportReporter -->
<testsuite skipped="0" hostname="ed3fe8bc25f0" name="com.newtours.tests.BookFlightTest" tests="20" failures="0" timestamp="2021-10-14T06:57:39 GMT" time="35.245" errors="0">
  <testcase name="registrationPage" time="6.805" classname="com.newtours.tests.BookFlightTest"/>
  <system-out/>
  <testcase name="flightDetailsPage" time="1.788" classname="com.newtours.tests.BookFlightTest"/>
  <system-out/>
  <testcase name="registrationPage" time="5.421" classname="com.newtours.tests.BookFlightTest"/>
  <system-out/>
  <testcase name="flightDetailsPage" time="1.698" classname="com.newtours.tests.BookFlightTest"/>
  <system-out/>
  <testcase name="flightDetailsPage" time="1.795" classname="com.newtours.tests.BookFlightTest"/>
  <system-out/>
  <testcase name="flightConfirmationPage" time="0.454" classname="com.newtours.tests.BookFlightTest"/>
  <system-out/>
  <testcase name="registrationConfirmation" time="0.121" classname="com.newtours.tests.BookFlightTest"/>
  <system-out/>
  <testcase name="registrationConfirmation" time="0.269" classname="com.newtours.tests.BookFlightTest"/>
  <system-out/>
  <testcase name="findFlightPage" time="0.616" classname="com.newtours.tests.BookFlightTest"/>
  <system-out/>
  <testcase name="registrationConfirmation" time="0.106" classname="com.newtours.tests.BookFlightTest"/>
  <system-out/>
  <testcase name="flightConfirmationPage" time="0.369" classname="com.newtours.tests.BookFlightTest"/>
  <system-out/>
  <testcase name="registrationPage" time="6.587" classname="com.newtours.tests.BookFlightTest"/>
  <system-out/>
  <testcase name="flightConfirmationPage" time="0.384" classname="com.newtours.tests.BookFlightTest"/>
  <system-out/>
  <testcase name="flightConfirmationPage" time="0.366" classname="com.newtours.tests.BookFlightTest"/>
  <system-out/>
  <testcase name="registrationPage" time="4.536" classname="com.newtours.tests.BookFlightTest"/>
  <system-out/>
  <testcase name="registrationConfirmation" time="0.109" classname="com.newtours.tests.BookFlightTest"/>
  <system-out/>
  <testcase name="findFlightPage" time="0.788" classname="com.newtours.tests.BookFlightTest"/>
  <system-out/>
  <testcase name="findFlightPage" time="0.601" classname="com.newtours.tests.BookFlightTest"/>
  <system-out/>
  <testcase name="flightDetailsPage" time="1.776" classname="com.newtours.tests.BookFlightTest"/>
  <system-out/>
  <testcase name="findFlightPage" time="0.656" classname="com.newtours.tests.BookFlightTest"/>
  <system-out/>
</testsuite> <!-- com.newtours.tests.BookFlightTest -->
